<?xml version="1.0" encoding="UTF-8"?>
<testng-results skipped="0" failed="0" ignored="0" total="1" passed="1">
  <reporter-output>
  </reporter-output>
  <suite name="Default suite" duration-ms="36625" started-at="2020-08-18T09:53:39 BST" finished-at="2020-08-18T09:54:15 BST">
    <groups>
    </groups>
    <test name="Default test" duration-ms="36625" started-at="2020-08-18T09:53:39 BST" finished-at="2020-08-18T09:54:15 BST">
      <class name="Chrome.ESBCookies.baseTest">
        <test-method status="PASS" signature="scenario1()[pri:0, instance:Chrome.ESBCookies.baseTest@52feb982]" name="scenario1" duration-ms="36572" started-at="2020-08-18T09:53:39 BST" finished-at="2020-08-18T09:54:15 BST">
          <reporter-output>
          </reporter-output>
        </test-method> <!-- scenario1 -->
      </class> <!-- Chrome.ESBCookies.baseTest -->
    </test> <!-- Default test -->
  </suite> <!-- Default suite -->
</testng-results>
